[1026/112312.660:ERROR:backend_impl.cc(1041)] Critical error found -8
[1026/112312.660:ERROR:entry_impl.cc(1075)] No file for c1030000
[1026/112312.660:WARNING:storage_block-inl.h(146)] Failed data load.
[1026/112312.660:WARNING:storage_block-inl.h(146)] Failed data load.
[1026/112312.660:WARNING:storage_block-inl.h(146)] Failed data load.
[1026/112312.660:WARNING:storage_block-inl.h(146)] Failed data load.
[1026/112312.660:ERROR:entry_impl.cc(1075)] No file for c1030002
[1026/112312.660:WARNING:storage_block-inl.h(146)] Failed data load.
[1026/112312.660:WARNING:storage_block-inl.h(146)] Failed data load.
[1026/112312.660:WARNING:storage_block-inl.h(146)] Failed data load.
[1026/112312.660:WARNING:storage_block-inl.h(146)] Failed data load.
[1026/112312.661:ERROR:entry_impl.cc(1075)] No file for c1030004
[1026/112312.661:WARNING:storage_block-inl.h(146)] Failed data load.
[1026/112312.661:WARNING:storage_block-inl.h(146)] Failed data load.
[1026/112312.661:WARNING:storage_block-inl.h(146)] Failed data load.
[1026/112312.661:WARNING:storage_block-inl.h(146)] Failed data load.
[1026/112312.661:ERROR:entry_impl.cc(1075)] No file for c1030006
[1026/112312.661:WARNING:storage_block-inl.h(146)] Failed data load.
[1026/112312.661:WARNING:storage_block-inl.h(146)] Failed data load.
[1026/112312.661:WARNING:storage_block-inl.h(146)] Failed data load.
[1026/112312.661:WARNING:storage_block-inl.h(146)] Failed data load.
[1026/112312.661:ERROR:entry_impl.cc(1075)] No file for c1030008
[1026/112312.661:WARNING:storage_block-inl.h(146)] Failed data load.
[1026/112312.661:WARNING:storage_block-inl.h(146)] Failed data load.
[1026/112312.661:WARNING:storage_block-inl.h(146)] Failed data load.
[1026/112312.661:WARNING:storage_block-inl.h(146)] Failed data load.
[1026/112312.661:WARNING:storage_block-inl.h(146)] Failed data load.
[1026/112318.332:WARNING:spdy_session.cc(3431)] Received HEADERS for invalid stream 5
[1026/112318.332:WARNING:spdy_session.cc(3431)] Received HEADERS for invalid stream 7
[1026/112318.332:WARNING:spdy_session.cc(3431)] Received HEADERS for invalid stream 9
[1026/112318.332:WARNING:spdy_session.cc(3431)] Received HEADERS for invalid stream 11
[1026/112318.332:WARNING:spdy_session.cc(3431)] Received HEADERS for invalid stream 13
[1026/112318.655:WARNING:spdy_session.cc(3431)] Received HEADERS for invalid stream 25
[1026/112318.662:WARNING:spdy_session.cc(3431)] Received HEADERS for invalid stream 27
[1026/112318.957:WARNING:spdy_session.cc(3431)] Received HEADERS for invalid stream 29
[1026/112318.957:WARNING:spdy_session.cc(3431)] Received HEADERS for invalid stream 31
[1026/112318.957:WARNING:spdy_session.cc(3431)] Received HEADERS for invalid stream 33
[1026/112318.957:WARNING:spdy_session.cc(3431)] Received HEADERS for invalid stream 35
[1026/112318.957:WARNING:spdy_session.cc(3431)] Received HEADERS for invalid stream 39
[1026/112318.957:WARNING:spdy_session.cc(3431)] Received HEADERS for invalid stream 37
[1026/112318.957:WARNING:spdy_session.cc(3431)] Received HEADERS for invalid stream 41
[1026/112318.957:WARNING:spdy_session.cc(3431)] Received HEADERS for invalid stream 45
[1026/112318.957:WARNING:spdy_session.cc(3431)] Received HEADERS for invalid stream 47
[1026/112318.957:WARNING:spdy_session.cc(3431)] Received HEADERS for invalid stream 43
[1026/112318.957:WARNING:spdy_session.cc(3431)] Received HEADERS for invalid stream 49
[1026/112318.957:WARNING:spdy_session.cc(3431)] Received HEADERS for invalid stream 51
[1026/112318.957:WARNING:spdy_session.cc(3431)] Received HEADERS for invalid stream 59
[1026/112318.957:WARNING:spdy_session.cc(3431)] Received HEADERS for invalid stream 53
[1026/112318.957:WARNING:spdy_session.cc(3431)] Received HEADERS for invalid stream 55
[1026/112318.957:WARNING:spdy_session.cc(3431)] Received HEADERS for invalid stream 61
[1026/112318.957:WARNING:spdy_session.cc(3431)] Received HEADERS for invalid stream 57
[1026/112318.957:WARNING:spdy_session.cc(3431)] Received HEADERS for invalid stream 63
[1026/112318.957:WARNING:spdy_session.cc(3431)] Received HEADERS for invalid stream 67
[1026/112318.957:WARNING:spdy_session.cc(3431)] Received HEADERS for invalid stream 65
[1026/112318.957:WARNING:spdy_session.cc(3431)] Received HEADERS for invalid stream 69
[1026/112318.957:WARNING:spdy_session.cc(3431)] Received HEADERS for invalid stream 71
[1026/112318.957:WARNING:spdy_session.cc(3431)] Received HEADERS for invalid stream 73
[1026/112318.957:WARNING:spdy_session.cc(3431)] Received HEADERS for invalid stream 75
[1026/112318.957:WARNING:spdy_session.cc(3431)] Received HEADERS for invalid stream 79
[1026/112318.957:WARNING:spdy_session.cc(3431)] Received HEADERS for invalid stream 77
[1026/112318.957:WARNING:spdy_session.cc(3431)] Received HEADERS for invalid stream 81
[1026/112318.957:WARNING:spdy_session.cc(3431)] Received HEADERS for invalid stream 83
[1026/112318.957:WARNING:spdy_session.cc(3431)] Received HEADERS for invalid stream 85
[1026/112318.957:WARNING:spdy_session.cc(3431)] Received HEADERS for invalid stream 87
[1026/112318.957:WARNING:spdy_session.cc(3431)] Received HEADERS for invalid stream 95
[1026/112318.957:WARNING:spdy_session.cc(3431)] Received HEADERS for invalid stream 89
[1026/112318.957:WARNING:spdy_session.cc(3431)] Received HEADERS for invalid stream 91
[1026/112318.957:WARNING:spdy_session.cc(3431)] Received HEADERS for invalid stream 99
[1026/112318.957:WARNING:spdy_session.cc(3431)] Received HEADERS for invalid stream 93
[1026/112318.958:WARNING:spdy_session.cc(3431)] Received HEADERS for invalid stream 103
[1026/112318.958:WARNING:spdy_session.cc(3431)] Received HEADERS for invalid stream 101
[1026/112318.958:WARNING:spdy_session.cc(3431)] Received HEADERS for invalid stream 105
[1026/112318.958:WARNING:spdy_session.cc(3431)] Received HEADERS for invalid stream 107
[1026/112318.958:WARNING:spdy_session.cc(3431)] Received HEADERS for invalid stream 97
[1026/112318.981:WARNING:spdy_session.cc(3431)] Received HEADERS for invalid stream 113
[1026/112318.981:WARNING:spdy_session.cc(3431)] Received HEADERS for invalid stream 109
[1026/112318.982:WARNING:spdy_session.cc(3431)] Received HEADERS for invalid stream 111
[1026/112318.982:WARNING:spdy_session.cc(3431)] Received HEADERS for invalid stream 115
[1026/112318.982:WARNING:spdy_session.cc(3431)] Received HEADERS for invalid stream 117
[1026/112318.982:WARNING:spdy_session.cc(3431)] Received HEADERS for invalid stream 121
[1026/112318.982:WARNING:spdy_session.cc(3431)] Received HEADERS for invalid stream 119
[1026/112318.982:WARNING:spdy_session.cc(3431)] Received HEADERS for invalid stream 123
[1026/112509.496:ERROR:gpu_init.cc(426)] Passthrough is not supported, GL is disabled
[1026/193632.507:WARNING:dns_config_service_win.cc(712)] Failed to read DnsConfig.
[1026/193632.514:WARNING:dns_config_service_win.cc(712)] Failed to read DnsConfig.
[1026/193741.534:WARNING:dns_config_service_win.cc(712)] Failed to read DnsConfig.
[1026/193741.535:WARNING:dns_config_service_win.cc(712)] Failed to read DnsConfig.
[1026/193746.537:WARNING:dns_config_service_win.cc(712)] Failed to read DnsConfig.
[1026/193746.553:WARNING:dns_config_service_win.cc(712)] Failed to read DnsConfig.
[1026/193751.539:WARNING:dns_config_service_win.cc(712)] Failed to read DnsConfig.
[1026/193751.565:WARNING:dns_config_service_win.cc(712)] Failed to read DnsConfig.
[1026/193756.541:WARNING:dns_config_service_win.cc(712)] Failed to read DnsConfig.
[1026/193756.576:WARNING:dns_config_service_win.cc(712)] Failed to read DnsConfig.
[1026/193801.543:WARNING:dns_config_service_win.cc(712)] Failed to read DnsConfig.
[1026/193801.583:WARNING:dns_config_service_win.cc(712)] Failed to read DnsConfig.
[1026/193806.547:WARNING:dns_config_service_win.cc(712)] Failed to read DnsConfig.
[1026/193806.596:WARNING:dns_config_service_win.cc(712)] Failed to read DnsConfig.
[1026/193811.549:WARNING:dns_config_service_win.cc(712)] Failed to read DnsConfig.
[1026/193811.604:WARNING:dns_config_service_win.cc(712)] Failed to read DnsConfig.
[1026/193816.552:WARNING:dns_config_service_win.cc(712)] Failed to read DnsConfig.
[1026/193816.607:WARNING:dns_config_service_win.cc(712)] Failed to read DnsConfig.
[1026/193821.555:WARNING:dns_config_service_win.cc(712)] Failed to read DnsConfig.
[1026/193821.624:WARNING:dns_config_service_win.cc(712)] Failed to read DnsConfig.
[1026/193826.557:WARNING:dns_config_service_win.cc(712)] Failed to read DnsConfig.
[1026/193826.640:WARNING:dns_config_service_win.cc(712)] Failed to read DnsConfig.
[1026/193831.560:WARNING:dns_config_service_win.cc(712)] Failed to read DnsConfig.
[1026/193831.649:WARNING:dns_config_service_win.cc(712)] Failed to read DnsConfig.
[1026/193836.563:WARNING:dns_config_service_win.cc(712)] Failed to read DnsConfig.
[1026/193836.666:WARNING:dns_config_service_win.cc(712)] Failed to read DnsConfig.
